20110311 20:41:59 (Friday) DEBUG Class::metodo_de_ejemplo: Entrando en el metodo_de_ejemplo().
20110311 20:41:59 (Friday) DEBUG Class::metodo_de_ejemplo: Saliendo del metodo_de_ejemplo().
20110311 20:42:10 (Friday) INFO Usaremos el fichero gestion_de_eventos_logging.ini para el registro de eventos
20110311 20:42:10 (Friday) DEBUG TEST: This is a debug message (10)
20110311 20:42:10 (Friday) INFO TEST: This is an info message (20)
20110311 20:42:10 (Friday) WARNING TEST: This is a warning message (30)
20110311 20:42:10 (Friday) ERROR TEST: This is an error message (40)
20110311 20:42:10 (Friday) CRITICAL TEST: This is a critical error message (50)
20110311 20:42:10 (Friday) DEBUG Class::__init__: Entrando a la clase ejemplo().
20110311 20:42:10 (Friday) DEBUG Class::metodo_de_ejemplo: Entrando en el metodo_de_ejemplo().
20110311 20:42:10 (Friday) DEBUG Class::metodo_de_ejemplo: Saliendo del metodo_de_ejemplo().
20110311 20:42:49 (Friday) INFO Usaremos el fichero gestion_de_eventos_logging.ini para el registro de eventos
20110311 20:42:49 (Friday) DEBUG TEST: This is a debug message (10)
20110311 20:42:49 (Friday) INFO TEST: This is an info message (20)
20110311 20:42:49 (Friday) WARNING TEST: This is a warning message (30)
20110311 20:42:49 (Friday) ERROR TEST: This is an error message (40)
20110311 20:42:49 (Friday) CRITICAL TEST: This is a critical error message (50)
20110311 20:42:49 (Friday) DEBUG Class::__init__: Entrando a la clase ejemplo().
20110311 20:42:49 (Friday) DEBUG Class::metodo_de_ejemplo: Entrando en el metodo_de_ejemplo().
20110311 20:42:49 (Friday) DEBUG Class::metodo_de_ejemplo: Saliendo del metodo_de_ejemplo().
20110311 20:42:56 (Friday) INFO Usaremos el fichero gestion_de_eventos_logging.ini para el registro de eventos
20110311 20:42:56 (Friday) DEBUG TEST: This is a debug message (10)
20110311 20:42:56 (Friday) INFO TEST: This is an info message (20)
20110311 20:42:56 (Friday) WARNING TEST: This is a warning message (30)
20110311 20:42:56 (Friday) ERROR TEST: This is an error message (40)
20110311 20:42:56 (Friday) CRITICAL TEST: This is a critical error message (50)
20110311 20:42:56 (Friday) DEBUG Class::__init__: Entrando a la clase ejemplo().
20110311 20:42:56 (Friday) DEBUG Class::metodo_de_ejemplo: Entrando en el metodo_de_ejemplo().
20110311 20:42:56 (Friday) DEBUG Class::metodo_de_ejemplo: Saliendo del metodo_de_ejemplo().
20110311 20:46:57 (Friday) INFO Usaremos el fichero gestion_de_eventos_logging.ini para el registro de eventos
20110311 20:46:57 (Friday) DEBUG TEST: This is a debug message (10)
20110311 20:46:57 (Friday) INFO TEST: This is an info message (20)
20110311 20:46:57 (Friday) WARNING TEST: This is a warning message (30)
20110311 20:46:57 (Friday) ERROR TEST: This is an error message (40)
20110311 20:46:57 (Friday) CRITICAL TEST: This is a critical error message (50)
20110311 20:46:57 (Friday) DEBUG Class::__init__: Entrando a la clase ejemplo().
20110311 20:46:57 (Friday) DEBUG Class::metodo_de_ejemplo: Entrando en el metodo_de_ejemplo().
20110311 20:46:57 (Friday) DEBUG Class::metodo_de_ejemplo: Saliendo del metodo_de_ejemplo().
20110311 20:49:09 (Friday) INFO Usaremos el fichero gestion_de_eventos_logging.ini para el registro de eventos
20110311 20:49:09 (Friday) DEBUG TEST: This is a debug message (10)
20110311 20:49:09 (Friday) INFO TEST: This is an info message (20)
20110311 20:49:09 (Friday) WARNING TEST: This is a warning message (30)
20110311 20:49:09 (Friday) ERROR TEST: This is an error message (40)
20110311 20:49:09 (Friday) CRITICAL TEST: This is a critical error message (50)
20110311 20:49:09 (Friday) DEBUG Class::__init__: Entrando a la clase ejemplo().
20110311 20:49:09 (Friday) DEBUG Class::metodo_de_ejemplo: Entrando en el metodo_de_ejemplo().
20110311 20:49:09 (Friday) DEBUG Class::metodo_de_ejemplo: Saliendo del metodo_de_ejemplo().
